# JRE version: OpenJDK Runtime Environment (8.0_242-b01) (build 1.8.0_242-release-1644-b01)
# Java VM: OpenJDK 64-Bit Server VM (25.242-b01 mixed mode windows-amd64 compressed oops)
Heap:
 PSYoungGen      total 124416K, used 36522K [0x00000000f5580000, 0x00000000fe700000, 0x0000000100000000)
  eden space 113664K, 24% used [0x00000000f5580000,0x00000000f706e598,0x00000000fc480000)
  from space 10752K, 83% used [0x00000000fc480000,0x00000000fcd3c610,0x00000000fcf00000)
  to   space 11776K, 0% used [0x00000000fdb80000,0x00000000fdb80000,0x00000000fe700000)
 ParOldGen       total 84992K, used 28809K [0x00000000e0000000, 0x00000000e5300000, 0x00000000f5580000)
  object space 84992K, 33% used [0x00000000e0000000,0x00000000e1c22760,0x00000000e5300000)
 Metaspace       used 55078K, capacity 56808K, committed 57048K, reserved 1097728K
  class space    used 7438K, capacity 7875K, committed 7936K, reserved 1048576K
GC Heap History (10 events):
Event: 107.292 GC heap before
{Heap before GC invocations=17 (full 2):
 PSYoungGen      total 99840K, used 89056K [0x00000000f5580000, 0x00000000fc700000, 0x0000000100000000)
  eden space 88576K, 100% used [0x00000000f5580000,0x00000000fac00000,0x00000000fac00000)
  from space 11264K, 4% used [0x00000000fb780000,0x00000000fb7f8000,0x00000000fc280000)
  to   space 11776K, 0% used [0x00000000fac00000,0x00000000fac00000,0x00000000fb780000)
 ParOldGen       total 84992K, used 28713K [0x00000000e0000000, 0x00000000e5300000, 0x00000000f5580000)
  object space 84992K, 33% used [0x00000000e0000000,0x00000000e1c0a750,0x00000000e5300000)
 Metaspace       used 44176K, capacity 45106K, committed 45272K, reserved 1087488K
  class space    used 6015K, capacity 6330K, committed 6400K, reserved 1048576K
Event: 107.299 GC heap after
Heap after GC invocations=17 (full 2):
 PSYoungGen      total 100352K, used 1434K [0x00000000f5580000, 0x00000000fd080000, 0x0000000100000000)
  eden space 88576K, 0% used [0x00000000f5580000,0x00000000f5580000,0x00000000fac00000)
  from space 11776K, 12% used [0x00000000fac00000,0x00000000fad66a10,0x00000000fb780000)
  to   space 11776K, 0% used [0x00000000fc500000,0x00000000fc500000,0x00000000fd080000)
 ParOldGen       total 84992K, used 28721K [0x00000000e0000000, 0x00000000e5300000, 0x00000000f5580000)
  object space 84992K, 33% used [0x00000000e0000000,0x00000000e1c0c750,0x00000000e5300000)
 Metaspace       used 44176K, capacity 45106K, committed 45272K, reserved 1087488K
  class space    used 6015K, capacity 6330K, committed 6400K, reserved 1048576K
}
Event: 111.495 GC heap before
{Heap before GC invocations=18 (full 2):
 PSYoungGen      total 100352K, used 90010K [0x00000000f5580000, 0x00000000fd080000, 0x0000000100000000)
  eden space 88576K, 100% used [0x00000000f5580000,0x00000000fac00000,0x00000000fac00000)
  from space 11776K, 12% used [0x00000000fac00000,0x00000000fad66a10,0x00000000fb780000)
  to   space 11776K, 0% used [0x00000000fc500000,0x00000000fc500000,0x00000000fd080000)
 ParOldGen       total 84992K, used 28721K [0x00000000e0000000, 0x00000000e5300000, 0x00000000f5580000)
  object space 84992K, 33% used [0x00000000e0000000,0x00000000e1c0c750,0x00000000e5300000)
 Metaspace       used 48147K, capacity 49180K, committed 49240K, reserved 1091584K
  class space    used 6445K, capacity 6781K, committed 6784K, reserved 1048576K
Event: 111.511 GC heap after
Heap after GC invocations=18 (full 2):
 PSYoungGen      total 113152K, used 5237K [0x00000000f5580000, 0x00000000fcf80000, 0x0000000100000000)
  eden space 102400K, 0% used [0x00000000f5580000,0x00000000f5580000,0x00000000fb980000)
  from space 10752K, 48% used [0x00000000fc500000,0x00000000fca1d478,0x00000000fcf80000)
  to   space 11264K, 0% used [0x00000000fb980000,0x00000000fb980000,0x00000000fc480000)
 ParOldGen       total 84992K, used 28729K [0x00000000e0000000, 0x00000000e5300000, 0x00000000f5580000)
  object space 84992K, 33% used [0x00000000e0000000,0x00000000e1c0e750,0x00000000e5300000)
 Metaspace       used 48147K, capacity 49180K, committed 49240K, reserved 1091584K
  class space    used 6445K, capacity 6781K, committed 6784K, reserved 1048576K
}
Event: 113.684 GC heap before
{Heap before GC invocations=19 (full 2):
 PSYoungGen      total 113152K, used 107637K [0x00000000f5580000, 0x00000000fcf80000, 0x0000000100000000)
  eden space 102400K, 100% used [0x00000000f5580000,0x00000000fb980000,0x00000000fb980000)
  from space 10752K, 48% used [0x00000000fc500000,0x00000000fca1d478,0x00000000fcf80000)
  to   space 11264K, 0% used [0x00000000fb980000,0x00000000fb980000,0x00000000fc480000)
 ParOldGen       total 84992K, used 28729K [0x00000000e0000000, 0x00000000e5300000, 0x00000000f5580000)
  object space 84992K, 33% used [0x00000000e0000000,0x00000000e1c0e750,0x00000000e5300000)
 Metaspace       used 48351K, capacity 49418K, committed 49624K, reserved 1091584K
  class space    used 6455K, capacity 6790K, committed 6912K, reserved 1048576K
Event: 113.701 GC heap after
Heap after GC invocations=19 (full 2):
 PSYoungGen      total 113664K, used 5590K [0x00000000f5580000, 0x00000000fdb80000, 0x0000000100000000)
  eden space 102400K, 0% used [0x00000000f5580000,0x00000000f5580000,0x00000000fb980000)
  from space 11264K, 49% used [0x00000000fb980000,0x00000000fbef5b08,0x00000000fc480000)
  to   space 10752K, 0% used [0x00000000fd100000,0x00000000fd100000,0x00000000fdb80000)
 ParOldGen       total 84992K, used 28801K [0x00000000e0000000, 0x00000000e5300000, 0x00000000f5580000)
  object space 84992K, 33% used [0x00000000e0000000,0x00000000e1c20760,0x00000000e5300000)
 Metaspace       used 48351K, capacity 49418K, committed 49624K, reserved 1091584K
  class space    used 6455K, capacity 6790K, committed 6912K, reserved 1048576K
}
Event: 121.284 GC heap before
{Heap before GC invocations=20 (full 2):
 PSYoungGen      total 113664K, used 107990K [0x00000000f5580000, 0x00000000fdb80000, 0x0000000100000000)
  eden space 102400K, 100% used [0x00000000f5580000,0x00000000fb980000,0x00000000fb980000)
  from space 11264K, 49% used [0x00000000fb980000,0x00000000fbef5b08,0x00000000fc480000)
  to   space 10752K, 0% used [0x00000000fd100000,0x00000000fd100000,0x00000000fdb80000)
 ParOldGen       total 84992K, used 28801K [0x00000000e0000000, 0x00000000e5300000, 0x00000000f5580000)
  object space 84992K, 33% used [0x00000000e0000000,0x00000000e1c20760,0x00000000e5300000)
 Metaspace       used 48352K, capacity 49418K, committed 49624K, reserved 1091584K
  class space    used 6455K, capacity 6790K, committed 6912K, reserved 1048576K
Event: 121.293 GC heap after
Heap after GC invocations=20 (full 2):
 PSYoungGen      total 122368K, used 1974K [0x00000000f5580000, 0x00000000fd980000, 0x0000000100000000)
  eden space 113664K, 0% used [0x00000000f5580000,0x00000000f5580000,0x00000000fc480000)
  from space 8704K, 22% used [0x00000000fd100000,0x00000000fd2edb08,0x00000000fd980000)
  to   space 10752K, 0% used [0x00000000fc480000,0x00000000fc480000,0x00000000fcf00000)
 ParOldGen       total 84992K, used 28801K [0x00000000e0000000, 0x00000000e5300000, 0x00000000f5580000)
  object space 84992K, 33% used [0x00000000e0000000,0x00000000e1c20760,0x00000000e5300000)
 Metaspace       used 48352K, capacity 49418K, committed 49624K, reserved 1091584K
  class space    used 6455K, capacity 6790K, committed 6912K, reserved 1048576K
}
Event: 132.956 GC heap before
{Heap before GC invocations=21 (full 2):
 PSYoungGen      total 122368K, used 115638K [0x00000000f5580000, 0x00000000fd980000, 0x0000000100000000)
  eden space 113664K, 100% used [0x00000000f5580000,0x00000000fc480000,0x00000000fc480000)
  from space 8704K, 22% used [0x00000000fd100000,0x00000000fd2edb08,0x00000000fd980000)
  to   space 10752K, 0% used [0x00000000fc480000,0x00000000fc480000,0x00000000fcf00000)
 ParOldGen       total 84992K, used 28801K [0x00000000e0000000, 0x00000000e5300000, 0x00000000f5580000)
  object space 84992K, 33% used [0x00000000e0000000,0x00000000e1c20760,0x00000000e5300000)
 Metaspace       used 54106K, capacity 55770K, committed 55896K, reserved 1097728K
  class space    used 7316K, capacity 7770K, committed 7808K, reserved 1048576K
Event: 132.981 GC heap after
Heap after GC invocations=21 (full 2):
 PSYoungGen      total 124416K, used 8945K [0x00000000f5580000, 0x00000000fe700000, 0x0000000100000000)
  eden space 113664K, 0% used [0x00000000f5580000,0x00000000f5580000,0x00000000fc480000)
  from space 10752K, 83% used [0x00000000fc480000,0x00000000fcd3c610,0x00000000fcf00000)
  to   space 11776K, 0% used [0x00000000fdb80000,0x00000000fdb80000,0x00000000fe700000)
 ParOldGen       total 84992K, used 28809K [0x00000000e0000000, 0x00000000e5300000, 0x00000000f5580000)
  object space 84992K, 33% used [0x00000000e0000000,0x00000000e1c22760,0x00000000e5300000)
 Metaspace       used 54106K, capacity 55770K, committed 55896K, reserved 1097728K
  class space    used 7316K, capacity 7770K, committed 7808K, reserved 1048576K
}

