# JRE version: OpenJDK Runtime Environment (8.0_242-b01) (build 1.8.0_242-release-1644-b01)
# Java VM: OpenJDK 64-Bit Server VM (25.242-b01 mixed mode windows-amd64 compressed oops)
Heap:
 PSYoungGen      total 131072K, used 91143K [0x00000000f5580000, 0x0000000100000000, 0x0000000100000000)
  eden space 97792K, 64% used [0x00000000f5580000,0x00000000f9355308,0x00000000fb500000)
  from space 33280K, 83% used [0x00000000fdf80000,0x00000000ffaaca38,0x0000000100000000)
  to   space 38400K, 0% used [0x00000000fb500000,0x00000000fb500000,0x00000000fda80000)
 ParOldGen       total 78848K, used 61480K [0x00000000e0000000, 0x00000000e4d00000, 0x00000000f5580000)
  object space 78848K, 77% used [0x00000000e0000000,0x00000000e3c0a278,0x00000000e4d00000)
 Metaspace       used 77076K, capacity 79488K, committed 79744K, reserved 1118208K
  class space    used 9761K, capacity 10350K, committed 10368K, reserved 1048576K
GC Heap History (10 events):
Event: 372.705 GC heap before
{Heap before GC invocations=31 (full 3):
 PSYoungGen      total 143872K, used 143410K [0x00000000f5580000, 0x0000000100000000, 0x0000000100000000)
  eden space 119296K, 100% used [0x00000000f5580000,0x00000000fca00000,0x00000000fca00000)
  from space 24576K, 98% used [0x00000000fca00000,0x00000000fe18ca98,0x00000000fe200000)
  to   space 30208K, 0% used [0x00000000fe280000,0x00000000fe280000,0x0000000100000000)
 ParOldGen       total 78848K, used 44860K [0x00000000e0000000, 0x00000000e4d00000, 0x00000000f5580000)
  object space 78848K, 56% used [0x00000000e0000000,0x00000000e2bcf290,0x00000000e4d00000)
 Metaspace       used 72247K, capacity 74740K, committed 75008K, reserved 1114112K
  class space    used 9281K, capacity 9874K, committed 9984K, reserved 1048576K
Event: 372.740 GC heap after
Heap after GC invocations=31 (full 3):
 PSYoungGen      total 140288K, used 22815K [0x00000000f5580000, 0x0000000100000000, 0x0000000100000000)
  eden space 110080K, 0% used [0x00000000f5580000,0x00000000f5580000,0x00000000fc100000)
  from space 30208K, 75% used [0x00000000fe280000,0x00000000ff8c7f90,0x0000000100000000)
  to   space 32256K, 0% used [0x00000000fc100000,0x00000000fc100000,0x00000000fe080000)
 ParOldGen       total 78848K, used 44868K [0x00000000e0000000, 0x00000000e4d00000, 0x00000000f5580000)
  object space 78848K, 56% used [0x00000000e0000000,0x00000000e2bd1290,0x00000000e4d00000)
 Metaspace       used 72247K, capacity 74740K, committed 75008K, reserved 1114112K
  class space    used 9281K, capacity 9874K, committed 9984K, reserved 1048576K
}
Event: 373.006 GC heap before
{Heap before GC invocations=32 (full 3):
 PSYoungGen      total 140288K, used 132895K [0x00000000f5580000, 0x0000000100000000, 0x0000000100000000)
  eden space 110080K, 100% used [0x00000000f5580000,0x00000000fc100000,0x00000000fc100000)
  from space 30208K, 75% used [0x00000000fe280000,0x00000000ff8c7f90,0x0000000100000000)
  to   space 32256K, 0% used [0x00000000fc100000,0x00000000fc100000,0x00000000fe080000)
 ParOldGen       total 78848K, used 44868K [0x00000000e0000000, 0x00000000e4d00000, 0x00000000f5580000)
  object space 78848K, 56% used [0x00000000e0000000,0x00000000e2bd1290,0x00000000e4d00000)
 Metaspace       used 72249K, capacity 74740K, committed 75008K, reserved 1114112K
  class space    used 9281K, capacity 9874K, committed 9984K, reserved 1048576K
Event: 373.045 GC heap after
Heap after GC invocations=32 (full 3):
 PSYoungGen      total 142336K, used 15978K [0x00000000f5580000, 0x0000000100000000, 0x0000000100000000)
  eden space 110080K, 0% used [0x00000000f5580000,0x00000000f5580000,0x00000000fc100000)
  from space 32256K, 49% used [0x00000000fc100000,0x00000000fd09abd8,0x00000000fe080000)
  to   space 31232K, 0% used [0x00000000fe180000,0x00000000fe180000,0x0000000100000000)
 ParOldGen       total 78848K, used 51714K [0x00000000e0000000, 0x00000000e4d00000, 0x00000000f5580000)
  object space 78848K, 65% used [0x00000000e0000000,0x00000000e3280868,0x00000000e4d00000)
 Metaspace       used 72249K, capacity 74740K, committed 75008K, reserved 1114112K
  class space    used 9281K, capacity 9874K, committed 9984K, reserved 1048576K
}
Event: 383.674 GC heap before
{Heap before GC invocations=33 (full 3):
 PSYoungGen      total 142336K, used 126058K [0x00000000f5580000, 0x0000000100000000, 0x0000000100000000)
  eden space 110080K, 100% used [0x00000000f5580000,0x00000000fc100000,0x00000000fc100000)
  from space 32256K, 49% used [0x00000000fc100000,0x00000000fd09abd8,0x00000000fe080000)
  to   space 31232K, 0% used [0x00000000fe180000,0x00000000fe180000,0x0000000100000000)
 ParOldGen       total 78848K, used 51714K [0x00000000e0000000, 0x00000000e4d00000, 0x00000000f5580000)
  object space 78848K, 65% used [0x00000000e0000000,0x00000000e3280868,0x00000000e4d00000)
 Metaspace       used 73841K, capacity 76272K, committed 76416K, reserved 1116160K
  class space    used 9478K, capacity 10090K, committed 10112K, reserved 1048576K
Event: 383.705 GC heap after
Heap after GC invocations=33 (full 3):
 PSYoungGen      total 139264K, used 15738K [0x00000000f5580000, 0x00000000ffd00000, 0x0000000100000000)
  eden space 111104K, 0% used [0x00000000f5580000,0x00000000f5580000,0x00000000fc200000)
  from space 28160K, 55% used [0x00000000fe180000,0x00000000ff0dea68,0x00000000ffd00000)
  to   space 30208K, 0% used [0x00000000fc200000,0x00000000fc200000,0x00000000fdf80000)
 ParOldGen       total 78848K, used 53482K [0x00000000e0000000, 0x00000000e4d00000, 0x00000000f5580000)
  object space 78848K, 67% used [0x00000000e0000000,0x00000000e343a878,0x00000000e4d00000)
 Metaspace       used 73841K, capacity 76272K, committed 76416K, reserved 1116160K
  class space    used 9478K, capacity 10090K, committed 10112K, reserved 1048576K
}
Event: 388.076 GC heap before
{Heap before GC invocations=34 (full 3):
 PSYoungGen      total 139264K, used 126576K [0x00000000f5580000, 0x00000000ffd00000, 0x0000000100000000)
  eden space 111104K, 99% used [0x00000000f5580000,0x00000000fc1bd670,0x00000000fc200000)
  from space 28160K, 55% used [0x00000000fe180000,0x00000000ff0dea68,0x00000000ffd00000)
  to   space 30208K, 0% used [0x00000000fc200000,0x00000000fc200000,0x00000000fdf80000)
 ParOldGen       total 78848K, used 53482K [0x00000000e0000000, 0x00000000e4d00000, 0x00000000f5580000)
  object space 78848K, 67% used [0x00000000e0000000,0x00000000e343a878,0x00000000e4d00000)
 Metaspace       used 76459K, capacity 78932K, committed 79232K, reserved 1118208K
  class space    used 9728K, capacity 10316K, committed 10368K, reserved 1048576K
Event: 388.138 GC heap after
Heap after GC invocations=34 (full 3):
 PSYoungGen      total 141312K, used 30186K [0x00000000f5580000, 0x0000000100000000, 0x0000000100000000)
  eden space 111104K, 0% used [0x00000000f5580000,0x00000000f5580000,0x00000000fc200000)
  from space 30208K, 99% used [0x00000000fc200000,0x00000000fdf7aad8,0x00000000fdf80000)
  to   space 33280K, 0% used [0x00000000fdf80000,0x00000000fdf80000,0x0000000100000000)
 ParOldGen       total 78848K, used 58073K [0x00000000e0000000, 0x00000000e4d00000, 0x00000000f5580000)
  object space 78848K, 73% used [0x00000000e0000000,0x00000000e38b67d0,0x00000000e4d00000)
 Metaspace       used 76459K, capacity 78932K, committed 79232K, reserved 1118208K
  class space    used 9728K, capacity 10316K, committed 10368K, reserved 1048576K
}
Event: 391.874 GC heap before
{Heap before GC invocations=35 (full 3):
 PSYoungGen      total 141312K, used 141290K [0x00000000f5580000, 0x0000000100000000, 0x0000000100000000)
  eden space 111104K, 100% used [0x00000000f5580000,0x00000000fc200000,0x00000000fc200000)
  from space 30208K, 99% used [0x00000000fc200000,0x00000000fdf7aad8,0x00000000fdf80000)
  to   space 33280K, 0% used [0x00000000fdf80000,0x00000000fdf80000,0x0000000100000000)
 ParOldGen       total 78848K, used 58074K [0x00000000e0000000, 0x00000000e4d00000, 0x00000000f5580000)
  object space 78848K, 73% used [0x00000000e0000000,0x00000000e38b6a50,0x00000000e4d00000)
 Metaspace       used 76832K, capacity 79290K, committed 79488K, reserved 1118208K
  class space    used 9738K, capacity 10349K, committed 10368K, reserved 1048576K
Event: 391.943 GC heap after
Heap after GC invocations=35 (full 3):
 PSYoungGen      total 131072K, used 27826K [0x00000000f5580000, 0x0000000100000000, 0x0000000100000000)
  eden space 97792K, 0% used [0x00000000f5580000,0x00000000f5580000,0x00000000fb500000)
  from space 33280K, 83% used [0x00000000fdf80000,0x00000000ffaaca38,0x0000000100000000)
  to   space 38400K, 0% used [0x00000000fb500000,0x00000000fb500000,0x00000000fda80000)
 ParOldGen       total 78848K, used 61480K [0x00000000e0000000, 0x00000000e4d00000, 0x00000000f5580000)
  object space 78848K, 77% used [0x00000000e0000000,0x00000000e3c0a278,0x00000000e4d00000)
 Metaspace       used 76832K, capacity 79290K, committed 79488K, reserved 1118208K
  class space    used 9738K, capacity 10349K, committed 10368K, reserved 1048576K
}

